sample.interval=20000
".Call" "FUN" "lapply" "generate_collate" "roxygen2::update_collate" "load_all" "eval" "eval" "withVisible" "source" 
"gc" "unload_dll" "load_all" "eval" "eval" "withVisible" "source" 
"gc" "unload_dll" "load_all" "eval" "eval" "withVisible" "source" 
"gc" "unload_dll" "load_all" "eval" "eval" "withVisible" "source" 
"gc" "unload_dll" "load_all" "eval" "eval" "withVisible" "source" 
"gc" "unload_dll" "load_all" "eval" "eval" "withVisible" "source" 
".Call" ".rs.enqueClientEvent" "fun" "doTryCatch" "tryCatchOne" "tryCatchList" "tryCatch" "try" "detach" "unloadNamespace" "doTryCatch" "tryCatchOne" "tryCatchList" "tryCatch" "try" "unload" "load_all" "eval" "eval" "withVisible" "source" 
"gc" "unload_dll" "unload" "load_all" "eval" "eval" "withVisible" "source" 
"gc" "unload_dll" "unload" "load_all" "eval" "eval" "withVisible" "source" 
"gc" "unload_dll" "unload" "load_all" "eval" "eval" "withVisible" "source" 
"gc" "unload_dll" "unload" "load_all" "eval" "eval" "withVisible" "source" 
"file.exists" "load_data" "load_all" "eval" "eval" "withVisible" "source" 
"dyn.load" "library.dynam2" "load_dll" "load_all" "eval" "eval" "withVisible" "source" 
"duplicated.ppp" "duplicated.ppp" "unique.ppp" "unique" "eval" "eval" "withVisible" "source" 
"gc" "system.time" "eval" "eval" "withVisible" "source" 
"gc" "system.time" "eval" "eval" "withVisible" "source" 
"gc" "system.time" "eval" "eval" "withVisible" "source" 
"gc" "system.time" "eval" "eval" "withVisible" "source" 
"gc" "system.time" "eval" "eval" "withVisible" "source" 
"deparse" "<Anonymous>" "do.call" "do.call.matched" "sewpcf" "pcfmulti.inhom" "pcfcross.inhom" "system.time" "eval" "eval" "withVisible" "source" 
"deparse" "<Anonymous>" "do.call" "do.call.matched" "sewpcf" "pcfmulti.inhom" "pcfcross.inhom" "system.time" "eval" "eval" "withVisible" "source" 
"pmin.int" "edge.Trans" "pcfinhom" "eval" "eval" "withVisible" "source" 
"gc" "system.time" "eval" "eval" "withVisible" "source" 
"gc" "system.time" "eval" "eval" "withVisible" "source" 
"gc" "system.time" "eval" "eval" "withVisible" "source" 
"gc" "system.time" "eval" "eval" "withVisible" "source" 
".Call" "c_ipcf_cross_2d_box" "ipcf_cross_all_box" "system.time" "eval" "eval" "withVisible" "source" 
".Call" "c_ipcf_cross_2d_box" "ipcf_cross_all_box" "system.time" "eval" "eval" "withVisible" "source" 
".Call" "c_ipcf_cross_2d_box" "ipcf_cross_all_box" "system.time" "eval" "eval" "withVisible" "source" 
".Call" "c_ipcf_cross_2d_box" "ipcf_cross_all_box" "system.time" "eval" "eval" "withVisible" "source" 
".Call" "c_ipcf_cross_2d_box" "ipcf_cross_all_box" "system.time" "eval" "eval" "withVisible" "source" 
".Call" "c_ipcf_cross_2d_box" "ipcf_cross_all_box" "system.time" "eval" "eval" "withVisible" "source" 
".Call" "c_ipcf_cross_2d_box" "ipcf_cross_all_box" "system.time" "eval" "eval" "withVisible" "source" 
".Call" "c_ipcf_cross_2d_box" "ipcf_cross_all_box" "system.time" "eval" "eval" "withVisible" "source" 
".Call" "c_ipcf_cross_2d_box" "ipcf_cross_all_box" "system.time" "eval" "eval" "withVisible" "source" 
".Call" "c_ipcf_cross_2d_box" "ipcf_cross_all_box" "system.time" "eval" "eval" "withVisible" "source" 
".Call" "c_ipcf_cross_2d_box" "ipcf_cross_all_box" "system.time" "eval" "eval" "withVisible" "source" 
".Call" "c_ipcf_cross_2d_box" "ipcf_cross_all_box" "system.time" "eval" "eval" "withVisible" "source" 
".Call" "c_ipcf_cross_2d_box" "ipcf_cross_all_box" "system.time" "eval" "eval" "withVisible" "source" 
".Call" "c_ipcf_cross_2d_box" "ipcf_cross_all_box" "system.time" "eval" "eval" "withVisible" "source" 
".Call" "c_ipcf_cross_2d_box" "ipcf_cross_all_box" "system.time" "eval" "eval" "withVisible" "source" 
".Call" "c_ipcf_cross_2d_box" "ipcf_cross_all_box" "system.time" "eval" "eval" "withVisible" "source" 
".Call" "c_ipcf_cross_2d_box" "ipcf_cross_all_box" "system.time" "eval" "eval" "withVisible" "source" 
".Call" "c_ipcf_cross_2d_box" "ipcf_cross_all_box" "system.time" "eval" "eval" "withVisible" "source" 
".Call" "c_ipcf_cross_2d_box" "ipcf_cross_all_box" "system.time" "eval" "eval" "withVisible" "source" 
".Call" "c_ipcf_cross_2d_box" "ipcf_cross_all_box" "system.time" "eval" "eval" "withVisible" "source" 
".Call" "c_ipcf_cross_2d_box" "ipcf_cross_all_box" "system.time" "eval" "eval" "withVisible" "source" 
".Call" "c_ipcf_cross_2d_box" "ipcf_cross_all_box" "system.time" "eval" "eval" "withVisible" "source" 
".Call" "c_ipcf_cross_2d_box" "ipcf_cross_all_box" "system.time" "eval" "eval" "withVisible" "source" 
".Call" "c_ipcf_cross_2d_box" "ipcf_cross_all_box" "system.time" "eval" "eval" "withVisible" "source" 
".External2" "plot.new" "plot.default" "plot" "eval" "eval" "withVisible" "source" 
".External2" "plot.new" "plot.default" "plot" "eval" "eval" "withVisible" "source" 
"axis" "Axis.default" "Axis" "localAxis" "plot.default" "plot" "eval" "eval" "withVisible" "source" 
"eval" "FUN" "lapply" "strSub" "str.default" "NextMethod" "str.data.frame" "str" "doTryCatch" "tryCatchOne" "tryCatchList" "tryCatch" "try" "eval" "eval" "withVisible" "evalVis" "capture.output" "eval" "doTryCatch" "tryCatchOne" "tryCatchList" "tryCatch" ".rs.withTimeLimit" ".rs.valueFromStr" "doTryCatch" "tryCatchOne" "tryCatchList" "tryCatch" ".rs.valueContents" "<Anonymous>" 
"setTimeLimit" ".rs.withTimeLimit" ".rs.valueFromStr" "doTryCatch" "tryCatchOne" "tryCatchList" "tryCatch" ".rs.valueAsString" "<Anonymous>" 
"pmatch" "match.arg" "str.default" "str" "<Anonymous>" "do.call" "strSub" "str.default" "str" "<Anonymous>" "do.call" "strSub" "str.default" "str" "doTryCatch" "tryCatchOne" "tryCatchList" "tryCatch" "try" "eval" "eval" "withVisible" "evalVis" "capture.output" "eval" "doTryCatch" "tryCatchOne" "tryCatchList" "tryCatch" ".rs.withTimeLimit" ".rs.valueFromStr" "doTryCatch" "tryCatchOne" "tryCatchList" "tryCatch" ".rs.valueContents" "<Anonymous>" 
".Call" "doTryCatch" "tryCatchOne" "tryCatchList" "tryCatch" "<Anonymous>" "eval" "FUN" "lapply" "strSub" "str.default" "str" "<Anonymous>" "do.call" "strSub" "str.default" "str" "<Anonymous>" "do.call" "strSub" "str.default" "str" "<Anonymous>" "do.call" "strSub" "str.default" "str" "doTryCatch" "tryCatchOne" "tryCatchList" "tryCatch" "try" "eval" "eval" "withVisible" "evalVis" "capture.output" "eval" "doTryCatch" "tryCatchOne" "tryCatchList" "tryCatch" ".rs.withTimeLimit" ".rs.valueFromStr" "doTryCatch" "tryCatchOne" "tryCatchList" "tryCatch" ".rs.valueContents" "<Anonymous>" 
".Call" "doTryCatch" "tryCatchOne" "tryCatchList" "tryCatch" "<Anonymous>" "eval" "FUN" "lapply" "strSub" "str.default" "str" "<Anonymous>" "do.call" "strSub" "str.default" "str" "<Anonymous>" "do.call" "strSub" "str.default" "str" "<Anonymous>" "do.call" "strSub" "str.default" "str" "doTryCatch" "tryCatchOne" "tryCatchList" "tryCatch" "try" "eval" "eval" "withVisible" "evalVis" "capture.output" "eval" "doTryCatch" "tryCatchOne" "tryCatchList" "tryCatch" ".rs.withTimeLimit" ".rs.valueFromStr" "doTryCatch" "tryCatchOne" "tryCatchList" "tryCatch" ".rs.valueContents" "<Anonymous>" 
"eval" "FUN" "lapply" "strSub" "str.default" "str" "<Anonymous>" "do.call" "strSub" "str.default" "str" "<Anonymous>" "do.call" "strSub" "str.default" "str" "<Anonymous>" "do.call" "strSub" "str.default" "str" "doTryCatch" "tryCatchOne" "tryCatchList" "tryCatch" "try" "eval" "eval" "withVisible" "evalVis" "capture.output" "eval" "doTryCatch" "tryCatchOne" "tryCatchList" "tryCatch" ".rs.withTimeLimit" ".rs.valueFromStr" "doTryCatch" "tryCatchOne" "tryCatchList" "tryCatch" ".rs.valueContents" "<Anonymous>" 
"eval" "FUN" "lapply" "strSub" "str.default" "str" "<Anonymous>" "do.call" "strSub" "str.default" "str" "<Anonymous>" "do.call" "strSub" "str.default" "str" "<Anonymous>" "do.call" "strSub" "str.default" "str" "doTryCatch" "tryCatchOne" "tryCatchList" "tryCatch" "try" "eval" "eval" "withVisible" "evalVis" "capture.output" "eval" "doTryCatch" "tryCatchOne" "tryCatchList" "tryCatch" ".rs.withTimeLimit" ".rs.valueFromStr" "doTryCatch" "tryCatchOne" "tryCatchList" "tryCatch" ".rs.valueContents" "<Anonymous>" 
"sys.parent" "sys.function" "formals" "match.arg" "format.default" "format" "format.fun" "paste" "formObj" "cat" "str.default" "str" "<Anonymous>" "do.call" "strSub" "str.default" "str" "<Anonymous>" "do.call" "strSub" "str.default" "str" "doTryCatch" "tryCatchOne" "tryCatchList" "tryCatch" "try" "eval" "eval" "withVisible" "evalVis" "capture.output" "eval" "doTryCatch" "tryCatchOne" "tryCatchList" "tryCatch" ".rs.withTimeLimit" ".rs.valueFromStr" "doTryCatch" "tryCatchOne" "tryCatchList" "tryCatch" ".rs.valueContents" "<Anonymous>" 
".Call" ".rs.getKnitParamsForDocument" ".rs.injectKnitrParamsObject" "<Anonymous>" 
"rep.int" "FUN" "lapply" "unlist" ".rs.getCompletionsSearchPath" "Reduce" "<Anonymous>" 
"gc" "unload_dll" "load_all" "eval" "eval" "withVisible" "source" 
"gc" "unload_dll" "load_all" "eval" "eval" "withVisible" "source" 
"gc" "unload_dll" "load_all" "eval" "eval" "withVisible" "source" 
"gc" "unload_dll" "load_all" "eval" "eval" "withVisible" "source" 
"gc" "unload_dll" "load_all" "eval" "eval" "withVisible" "source" 
"gc" "unload_dll" "unload" "load_all" "eval" "eval" "withVisible" "source" 
"gc" "unload_dll" "unload" "load_all" "eval" "eval" "withVisible" "source" 
"gc" "unload_dll" "unload" "load_all" "eval" "eval" "withVisible" "source" 
"gc" "unload_dll" "unload" "load_all" "eval" "eval" "withVisible" "source" 
"::" "create_ns_env" "load_all" "eval" "eval" "withVisible" "source" 
"parse" "source_one" "source_many" "force" "withr_with_dir" "load_code" "load_all" "eval" "eval" "withVisible" "source" 
"apply" "unique.matrix" "unique" "parseNamespaceFile" "parse_ns_file" "setup_ns_exports" "load_all" "eval" "eval" "withVisible" "source" 
"is.multitype" "split.ppp" "split" "eval" "eval" "withVisible" "source" 
"gc" "system.time" "eval" "eval" "withVisible" "source" 
"gc" "system.time" "eval" "eval" "withVisible" "source" 
"gc" "system.time" "eval" "eval" "withVisible" "source" 
"gc" "system.time" "eval" "eval" "withVisible" "source" 
"gc" "system.time" "eval" "eval" "withVisible" "source" 
"gc" "system.time" "eval" "eval" "withVisible" "source" 
"deparse" "<Anonymous>" "do.call" "do.call.matched" "sewpcf" "pcfmulti.inhom" "pcfcross.inhom" "system.time" "eval" "eval" "withVisible" "source" 
"deparse" "<Anonymous>" "do.call" "do.call.matched" "sewpcf" "pcfmulti.inhom" "pcfcross.inhom" "system.time" "eval" "eval" "withVisible" "source" 
"deparse" "<Anonymous>" "do.call" "do.call.matched" "sewpcf" "pcfinhom" "eval" "eval" "withVisible" "source" 
"gc" "system.time" "eval" "eval" "withVisible" "source" 
"gc" "system.time" "eval" "eval" "withVisible" "source" 
"gc" "system.time" "eval" "eval" "withVisible" "source" 
"gc" "system.time" "eval" "eval" "withVisible" "source" 
".Call" "c_ipcf_cross_2d_box" "ipcf_cross_all_box" "system.time" "eval" "eval" "withVisible" "source" 
".Call" "c_ipcf_cross_2d_box" "ipcf_cross_all_box" "system.time" "eval" "eval" "withVisible" "source" 
".Call" "c_ipcf_cross_2d_box" "ipcf_cross_all_box" "system.time" "eval" "eval" "withVisible" "source" 
".Call" "c_ipcf_cross_2d_box" "ipcf_cross_all_box" "system.time" "eval" "eval" "withVisible" "source" 
".Call" "c_ipcf_cross_2d_box" "ipcf_cross_all_box" "system.time" "eval" "eval" "withVisible" "source" 
".Call" "c_ipcf_cross_2d_box" "ipcf_cross_all_box" "system.time" "eval" "eval" "withVisible" "source" 
".Call" "c_ipcf_cross_2d_box" "ipcf_cross_all_box" "system.time" "eval" "eval" "withVisible" "source" 
".Call" "c_ipcf_cross_2d_box" "ipcf_cross_all_box" "system.time" "eval" "eval" "withVisible" "source" 
".Call" "c_ipcf_cross_2d_box" "ipcf_cross_all_box" "system.time" "eval" "eval" "withVisible" "source" 
".Call" "c_ipcf_cross_2d_box" "ipcf_cross_all_box" "system.time" "eval" "eval" "withVisible" "source" 
".Call" "c_ipcf_cross_2d_box" "ipcf_cross_all_box" "system.time" "eval" "eval" "withVisible" "source" 
".Call" "c_ipcf_cross_2d_box" "ipcf_cross_all_box" "system.time" "eval" "eval" "withVisible" "source" 
".Call" "c_ipcf_cross_2d_box" "ipcf_cross_all_box" "system.time" "eval" "eval" "withVisible" "source" 
".Call" "c_ipcf_cross_2d_box" "ipcf_cross_all_box" "system.time" "eval" "eval" "withVisible" "source" 
".Call" "c_ipcf_cross_2d_box" "ipcf_cross_all_box" "system.time" "eval" "eval" "withVisible" "source" 
".Call" "c_ipcf_cross_2d_box" "ipcf_cross_all_box" "system.time" "eval" "eval" "withVisible" "source" 
".Call" "c_ipcf_cross_2d_box" "ipcf_cross_all_box" "system.time" "eval" "eval" "withVisible" "source" 
".Call" "c_ipcf_cross_2d_box" "ipcf_cross_all_box" "system.time" "eval" "eval" "withVisible" "source" 
".Call" "c_ipcf_cross_2d_box" "ipcf_cross_all_box" "system.time" "eval" "eval" "withVisible" "source" 
".Call" "c_ipcf_cross_2d_box" "ipcf_cross_all_box" "system.time" "eval" "eval" "withVisible" "source" 
".Call" "c_ipcf_cross_2d_box" "ipcf_cross_all_box" "system.time" "eval" "eval" "withVisible" "source" 
".Call" "c_ipcf_cross_2d_box" "ipcf_cross_all_box" "system.time" "eval" "eval" "withVisible" "source" 
".Call" "c_ipcf_cross_2d_box" "ipcf_cross_all_box" "system.time" "eval" "eval" "withVisible" "source" 
"ipcf_cross_all_box" "system.time" "eval" "eval" "withVisible" "source" 
".External2" "plot.new" "plot.default" "plot" "eval" "eval" "withVisible" "source" 
".External2" "plot.new" "plot.default" "plot" "eval" "eval" "withVisible" "source" 
"match" "%in%" "str.default" "str" "<Anonymous>" "do.call" "strSub" "str.default" "str" "doTryCatch" "tryCatchOne" "tryCatchList" "tryCatch" "try" "eval" "eval" "withVisible" "evalVis" "capture.output" "eval" "doTryCatch" "tryCatchOne" "tryCatchList" "tryCatch" ".rs.withTimeLimit" ".rs.valueFromStr" "doTryCatch" "tryCatchOne" "tryCatchList" "tryCatch" ".rs.valueContents" "<Anonymous>" 
"eval" "match.arg" "format.default" "format" "str.default" "str" "doTryCatch" "tryCatchOne" "tryCatchList" "tryCatch" "try" "eval" "eval" "withVisible" "evalVis" "capture.output" "eval" "doTryCatch" "tryCatchOne" "tryCatchList" "tryCatch" ".rs.withTimeLimit" ".rs.valueFromStr" "doTryCatch" "tryCatchOne" "tryCatchList" "tryCatch" ".rs.valueContents" "<Anonymous>" 
"match.arg" "str.default" "str" "<Anonymous>" "do.call" "strSub" "str.default" "str" "doTryCatch" "tryCatchOne" "tryCatchList" "tryCatch" "try" "eval" "eval" "withVisible" "evalVis" "capture.output" "eval" "doTryCatch" "tryCatchOne" "tryCatchList" "tryCatch" ".rs.withTimeLimit" ".rs.valueFromStr" "doTryCatch" "tryCatchOne" "tryCatchList" "tryCatch" ".rs.valueContents" "<Anonymous>" 
"cat" "str.default" "str" "<Anonymous>" "do.call" "strSub" "str.default" "str" "<Anonymous>" "do.call" "strSub" "str.default" "str" "<Anonymous>" "do.call" "strSub" "str.default" "str" "doTryCatch" "tryCatchOne" "tryCatchList" "tryCatch" "try" "eval" "eval" "withVisible" "evalVis" "capture.output" "eval" "doTryCatch" "tryCatchOne" "tryCatchList" "tryCatch" ".rs.withTimeLimit" ".rs.valueFromStr" "doTryCatch" "tryCatchOne" "tryCatchList" "tryCatch" ".rs.valueContents" "<Anonymous>" 
".Call" "doTryCatch" "tryCatchOne" "tryCatchList" "tryCatch" "<Anonymous>" 
".Call" "doTryCatch" "tryCatchOne" "tryCatchList" "tryCatch" "<Anonymous>" 
".Call" "doTryCatch" "tryCatchOne" "tryCatchList" "tryCatch" "<Anonymous>" 
".External" "grDevices:::png" "doTryCatch" "tryCatchOne" "tryCatchList" "tryCatch" "base::try" 
"ls" "FUN" "lapply" ".rs.objectsOnSearchPath" ".rs.getCompletionsSearchPath" "Reduce" "<Anonymous>" 
".Call" ".rs.isRScriptInPackageBuildTarget" "<Anonymous>" 
"ls" "FUN" "lapply" ".rs.objectsOnSearchPath" ".rs.getCompletionsSearchPath" "Reduce" "<Anonymous>" 
".Call" ".rs.isRScriptInPackageBuildTarget" "<Anonymous>" 
"gc" "unload_dll" "load_all" "eval" "eval" "withVisible" "source" 
"gc" "unload_dll" "load_all" "eval" "eval" "withVisible" "source" 
"gc" "unload_dll" "load_all" "eval" "eval" "withVisible" "source" 
"gc" "unload_dll" "load_all" "eval" "eval" "withVisible" "source" 
"gc" "unload_dll" "load_all" "eval" "eval" "withVisible" "source" 
"gc" "unload_dll" "load_all" "eval" "eval" "withVisible" "source" 
"gc" "unload_dll" "unload" "load_all" "eval" "eval" "withVisible" "source" 
"gc" "unload_dll" "unload" "load_all" "eval" "eval" "withVisible" "source" 
"gc" "unload_dll" "unload" "load_all" "eval" "eval" "withVisible" "source" 
"gc" "unload_dll" "unload" "load_all" "eval" "eval" "withVisible" "source" 
"Sys.info" "compiler_flags" "set_envvar" "withr_with_envvar" "compile_dll" "load_all" "eval" "eval" "withVisible" "source" 
"getwd" "srcfilecopy" "source_one" "source_many" "force" "withr_with_dir" "load_code" "load_all" "eval" "eval" "withVisible" "source" 
"ls" "setup_ns_exports" "load_all" "eval" "eval" "withVisible" "source" 
".C" "maxnndist" "densitypointsEngine" "density.ppp" "FUN" "lapply" "eval" "eval" "withVisible" "source" 
"gc" "system.time" "eval" "eval" "withVisible" "source" 
"gc" "system.time" "eval" "eval" "withVisible" "source" 
"gc" "system.time" "eval" "eval" "withVisible" "source" 
"proc.time" "system.time" "eval" "eval" "withVisible" "source" 
"deparse" "<Anonymous>" "do.call" "do.call.matched" "sewpcf" "pcfmulti.inhom" "pcfcross.inhom" "system.time" "eval" "eval" "withVisible" "source" 
"deparse" "<Anonymous>" "do.call" "do.call.matched" "sewpcf" "pcfmulti.inhom" "pcfcross.inhom" "system.time" "eval" "eval" "withVisible" "source" 
"deparse" "<Anonymous>" "do.call" "do.call.matched" "sewpcf" "pcfinhom" "eval" "eval" "withVisible" "source" 
"gc" "system.time" "eval" "eval" "withVisible" "source" 
"gc" "system.time" "eval" "eval" "withVisible" "source" 
"gc" "system.time" "eval" "eval" "withVisible" "source" 
"gc" "system.time" "eval" "eval" "withVisible" "source" 
"gc" "system.time" "eval" "eval" "withVisible" "source" 
".Call" "c_ipcf_cross_2d_box" "ipcf_cross_all_box" "system.time" "eval" "eval" "withVisible" "source" 
".Call" "c_ipcf_cross_2d_box" "ipcf_cross_all_box" "system.time" "eval" "eval" "withVisible" "source" 
".Call" "c_ipcf_cross_2d_box" "ipcf_cross_all_box" "system.time" "eval" "eval" "withVisible" "source" 
".Call" "c_ipcf_cross_2d_box" "ipcf_cross_all_box" "system.time" "eval" "eval" "withVisible" "source" 
".Call" "c_ipcf_cross_2d_box" "ipcf_cross_all_box" "system.time" "eval" "eval" "withVisible" "source" 
".Call" "c_ipcf_cross_2d_box" "ipcf_cross_all_box" "system.time" "eval" "eval" "withVisible" "source" 
".Call" "c_ipcf_cross_2d_box" "ipcf_cross_all_box" "system.time" "eval" "eval" "withVisible" "source" 
".Call" "c_ipcf_cross_2d_box" "ipcf_cross_all_box" "system.time" "eval" "eval" "withVisible" "source" 
".Call" "c_ipcf_cross_2d_box" "ipcf_cross_all_box" "system.time" "eval" "eval" "withVisible" "source" 
".Call" "c_ipcf_cross_2d_box" "ipcf_cross_all_box" "system.time" "eval" "eval" "withVisible" "source" 
".Call" "c_ipcf_cross_2d_box" "ipcf_cross_all_box" "system.time" "eval" "eval" "withVisible" "source" 
".Call" "c_ipcf_cross_2d_box" "ipcf_cross_all_box" "system.time" "eval" "eval" "withVisible" "source" 
".Call" "c_ipcf_cross_2d_box" "ipcf_cross_all_box" "system.time" "eval" "eval" "withVisible" "source" 
".Call" "c_ipcf_cross_2d_box" "ipcf_cross_all_box" "system.time" "eval" "eval" "withVisible" "source" 
".Call" "c_ipcf_cross_2d_box" "ipcf_cross_all_box" "system.time" "eval" "eval" "withVisible" "source" 
".Call" "c_ipcf_cross_2d_box" "ipcf_cross_all_box" "system.time" "eval" "eval" "withVisible" "source" 
".Call" "c_ipcf_cross_2d_box" "ipcf_cross_all_box" "system.time" "eval" "eval" "withVisible" "source" 
".Call" "c_ipcf_cross_2d_box" "ipcf_cross_all_box" "system.time" "eval" "eval" "withVisible" "source" 
".Call" "c_ipcf_cross_2d_box" "ipcf_cross_all_box" "system.time" "eval" "eval" "withVisible" "source" 
".Call" "c_ipcf_cross_2d_box" "ipcf_cross_all_box" "system.time" "eval" "eval" "withVisible" "source" 
".Call" "c_ipcf_cross_2d_box" "ipcf_cross_all_box" "system.time" "eval" "eval" "withVisible" "source" 
".Call" "c_ipcf_cross_2d_box" "ipcf_cross_all_box" "system.time" "eval" "eval" "withVisible" "source" 
".Call" "c_ipcf_cross_2d_box" "ipcf_cross_all_box" "system.time" "eval" "eval" "withVisible" "source" 
".Call" "c_ipcf_cross_2d_box" "ipcf_cross_all_box" "system.time" "eval" "eval" "withVisible" "source" 
".External2" "plot.new" "plot.default" "plot" "eval" "eval" "withVisible" "source" 
"axis" "Axis.default" "Axis" "localAxis" "plot.default" "plot" "eval" "eval" "withVisible" "source" 
"prettyNum" "format.default" "format" "format.fun" "paste" "formObj" "cat" "str.default" "str" "doTryCatch" "tryCatchOne" "tryCatchList" "tryCatch" "try" "eval" "eval" "withVisible" "evalVis" "capture.output" "eval" "doTryCatch" "tryCatchOne" "tryCatchList" "tryCatch" ".rs.withTimeLimit" ".rs.valueFromStr" "doTryCatch" "tryCatchOne" "tryCatchList" "tryCatch" ".rs.valueDescription" "<Anonymous>" 
"setTimeLimit" ".rs.withTimeLimit" ".rs.valueFromStr" "doTryCatch" "tryCatchOne" "tryCatchList" "tryCatch" ".rs.valueContents" "<Anonymous>" 
"::" "str.default" "str" "<Anonymous>" "do.call" "strSub" "str.default" "str" "<Anonymous>" "do.call" "strSub" "str.default" "str" "doTryCatch" "tryCatchOne" "tryCatchList" "tryCatch" "try" "eval" "eval" "withVisible" "evalVis" "capture.output" "eval" "doTryCatch" "tryCatchOne" "tryCatchList" "tryCatch" ".rs.withTimeLimit" ".rs.valueFromStr" "doTryCatch" "tryCatchOne" "tryCatchList" "tryCatch" ".rs.valueContents" "<Anonymous>" 
".Call" "doTryCatch" "tryCatchOne" "tryCatchList" "tryCatch" "<Anonymous>" "FUN" "lapply" "do.call" "strSub" "str.default" "str" "<Anonymous>" "do.call" "strSub" "str.default" "str" "doTryCatch" "tryCatchOne" "tryCatchList" "tryCatch" "try" "eval" "eval" "withVisible" "evalVis" "capture.output" "eval" "doTryCatch" "tryCatchOne" "tryCatchList" "tryCatch" ".rs.withTimeLimit" ".rs.valueFromStr" "doTryCatch" "tryCatchOne" "tryCatchList" "tryCatch" ".rs.valueContents" "<Anonymous>" 
".Call" "doTryCatch" "tryCatchOne" "tryCatchList" "tryCatch" "<Anonymous>" "FUN" "lapply" "do.call" "strSub" "str.default" "str" "<Anonymous>" "do.call" "strSub" "str.default" "str" "doTryCatch" "tryCatchOne" "tryCatchList" "tryCatch" "try" "eval" "eval" "withVisible" "evalVis" "capture.output" "eval" "doTryCatch" "tryCatchOne" "tryCatchList" "tryCatch" ".rs.withTimeLimit" ".rs.valueFromStr" "doTryCatch" "tryCatchOne" "tryCatchList" "tryCatch" ".rs.valueContents" "<Anonymous>" 
"FUN" "lapply" "do.call" "strSub" "str.default" "str" "<Anonymous>" "do.call" "strSub" "str.default" "str" "doTryCatch" "tryCatchOne" "tryCatchList" "tryCatch" "try" "eval" "eval" "withVisible" "evalVis" "capture.output" "eval" "doTryCatch" "tryCatchOne" "tryCatchList" "tryCatch" ".rs.withTimeLimit" ".rs.valueFromStr" "doTryCatch" "tryCatchOne" "tryCatchList" "tryCatch" ".rs.valueContents" "<Anonymous>" 
"FUN" "lapply" "do.call" "strSub" "str.default" "str" "<Anonymous>" "do.call" "strSub" "str.default" "str" "doTryCatch" "tryCatchOne" "tryCatchList" "tryCatch" "try" "eval" "eval" "withVisible" "evalVis" "capture.output" "eval" "doTryCatch" "tryCatchOne" "tryCatchList" "tryCatch" ".rs.withTimeLimit" ".rs.valueFromStr" "doTryCatch" "tryCatchOne" "tryCatchList" "tryCatch" ".rs.valueContents" "<Anonymous>" 
".Call" "doTryCatch" "tryCatchOne" "tryCatchList" "tryCatch" "<Anonymous>" "FUN" "lapply" "do.call" "strSub" "str.default" "str" "<Anonymous>" "do.call" "strSub" "str.default" "str" "doTryCatch" "tryCatchOne" "tryCatchList" "tryCatch" "try" "eval" "eval" "withVisible" "evalVis" "capture.output" "eval" "doTryCatch" "tryCatchOne" "tryCatchList" "tryCatch" ".rs.withTimeLimit" ".rs.valueFromStr" "doTryCatch" "tryCatchOne" "tryCatchList" "tryCatch" ".rs.valueContents" "<Anonymous>" 
"read.dcf" "as.list" "load_pkg_description" "as.package" "load_all" "eval" "eval" "withVisible" "source" 
"gc" "unload_dll" "load_all" "eval" "eval" "withVisible" "source" 
"gc" "unload_dll" "load_all" "eval" "eval" "withVisible" "source" 
"gc" "unload_dll" "load_all" "eval" "eval" "withVisible" "source" 
"gc" "unload_dll" "load_all" "eval" "eval" "withVisible" "source" 
"gc" "unload_dll" "load_all" "eval" "eval" "withVisible" "source" 
"match.fun" "lapply" ".rs.pathPackage" "substr" ".rs.createAliasedPath" "fun" "doTryCatch" "tryCatchOne" "tryCatchList" "tryCatch" "try" "detach" "unloadNamespace" "doTryCatch" "tryCatchOne" "tryCatchList" "tryCatch" "try" "unload" "load_all" "eval" "eval" "withVisible" "source" 
"gc" "unload_dll" "unload" "load_all" "eval" "eval" "withVisible" "source" 
"gc" "unload_dll" "unload" "load_all" "eval" "eval" "withVisible" "source" 
"gc" "unload_dll" "unload" "load_all" "eval" "eval" "withVisible" "source" 
"gc" "unload_dll" "unload" "load_all" "eval" "eval" "withVisible" "source" 
"sort.int" "sort.default" "sort" "as.factor" "split.default" "split" "Ops.numeric_version" ">=" "do.call" "loadNamespace" "namespaceImport" "doTryCatch" "tryCatchOne" "tryCatchList" "tryCatch" "process_imports" "load_imports" "load_all" "eval" "eval" "withVisible" "source" 
"readLines" "source_one" "source_many" "force" "withr_with_dir" "load_code" "load_all" "eval" "eval" "withVisible" "source" 
"gsub" "checkConflicts" "base::attach" "attach_ns" "load_all" "eval" "eval" "withVisible" "source" 
"pnorm" "densitypointsEngine" "density.ppp" "FUN" "lapply" "eval" "eval" "withVisible" "source" 
"gc" "system.time" "eval" "eval" "withVisible" "source" 
"gc" "system.time" "eval" "eval" "withVisible" "source" 
"gc" "system.time" "eval" "eval" "withVisible" "source" 
"gc" "system.time" "eval" "eval" "withVisible" "source" 
"deparse" "<Anonymous>" "do.call" "do.call.matched" "sewpcf" "pcfmulti.inhom" "pcfcross.inhom" "system.time" "eval" "eval" "withVisible" "source" 
".C" "edge.Ripley" "pcfmulti.inhom" "pcfcross.inhom" "system.time" "eval" "eval" "withVisible" "source" 
"deparse" "<Anonymous>" "do.call" "do.call.matched" "sewpcf" "pcfmulti.inhom" "pcfcross.inhom" "system.time" "eval" "eval" "withVisible" "source" 
"is.finite" "ppp" "as.ppp.ppp" "as.ppp" "edge.Ripley" "pcfinhom" "eval" "eval" "withVisible" "source" 
"gc" "system.time" "eval" "eval" "withVisible" "source" 
"gc" "system.time" "eval" "eval" "withVisible" "source" 
"gc" "system.time" "eval" "eval" "withVisible" "source" 
"gc" "system.time" "eval" "eval" "withVisible" "source" 
".Call" "c_ipcf_cross_2d_box" "ipcf_cross_all_box" "system.time" "eval" "eval" "withVisible" "source" 
".Call" "c_ipcf_cross_2d_box" "ipcf_cross_all_box" "system.time" "eval" "eval" "withVisible" "source" 
".Call" "c_ipcf_cross_2d_box" "ipcf_cross_all_box" "system.time" "eval" "eval" "withVisible" "source" 
".Call" "c_ipcf_cross_2d_box" "ipcf_cross_all_box" "system.time" "eval" "eval" "withVisible" "source" 
".Call" "c_ipcf_cross_2d_box" "ipcf_cross_all_box" "system.time" "eval" "eval" "withVisible" "source" 
".Call" "c_ipcf_cross_2d_box" "ipcf_cross_all_box" "system.time" "eval" "eval" "withVisible" "source" 
".Call" "c_ipcf_cross_2d_box" "ipcf_cross_all_box" "system.time" "eval" "eval" "withVisible" "source" 
".Call" "c_ipcf_cross_2d_box" "ipcf_cross_all_box" "system.time" "eval" "eval" "withVisible" "source" 
".Call" "c_ipcf_cross_2d_box" "ipcf_cross_all_box" "system.time" "eval" "eval" "withVisible" "source" 
".Call" "c_ipcf_cross_2d_box" "ipcf_cross_all_box" "system.time" "eval" "eval" "withVisible" "source" 
".Call" "c_ipcf_cross_2d_box" "ipcf_cross_all_box" "system.time" "eval" "eval" "withVisible" "source" 
".Call" "c_ipcf_cross_2d_box" "ipcf_cross_all_box" "system.time" "eval" "eval" "withVisible" "source" 
".Call" "c_ipcf_cross_2d_box" "ipcf_cross_all_box" "system.time" "eval" "eval" "withVisible" "source" 
".Call" "c_ipcf_cross_2d_box" "ipcf_cross_all_box" "system.time" "eval" "eval" "withVisible" "source" 
".Call" "c_ipcf_cross_2d_box" "ipcf_cross_all_box" "system.time" "eval" "eval" "withVisible" "source" 
".Call" "c_ipcf_cross_2d_box" "ipcf_cross_all_box" "system.time" "eval" "eval" "withVisible" "source" 
".Call" "c_ipcf_cross_2d_box" "ipcf_cross_all_box" "system.time" "eval" "eval" "withVisible" "source" 
".Call" "c_ipcf_cross_2d_box" "ipcf_cross_all_box" "system.time" "eval" "eval" "withVisible" "source" 
".Call" "c_ipcf_cross_2d_box" "ipcf_cross_all_box" "system.time" "eval" "eval" "withVisible" "source" 
".Call" "c_ipcf_cross_2d_box" "ipcf_cross_all_box" "system.time" "eval" "eval" "withVisible" "source" 
".Call" "c_ipcf_cross_2d_box" "ipcf_cross_all_box" "system.time" "eval" "eval" "withVisible" "source" 
".Call" "c_ipcf_cross_2d_box" "ipcf_cross_all_box" "system.time" "eval" "eval" "withVisible" "source" 
".Call" "c_ipcf_cross_2d_box" "ipcf_cross_all_box" "system.time" "eval" "eval" "withVisible" "source" 
".Call" "c_ipcf_cross_2d_box" "ipcf_cross_all_box" "system.time" "eval" "eval" "withVisible" "source" 
".Call" "c_ipcf_cross_2d_box" "ipcf_cross_all_box" "system.time" "eval" "eval" "withVisible" "source" 
".Call" "c_ipcf_cross_2d_box" "ipcf_cross_all_box" "system.time" "eval" "eval" "withVisible" "source" 
".Call" "c_ipcf_cross_2d_box" "ipcf_cross_all_box" "system.time" "eval" "eval" "withVisible" "source" 
".External2" "plot.new" "plot.default" "plot" "eval" "eval" "withVisible" "source" 
".External2" "plot.new" "plot.default" "plot" "eval" "eval" "withVisible" "source" 
"sys.call" "match.call" "stopifnot" "modifyList" "str.default" "str" "doTryCatch" "tryCatchOne" "tryCatchList" "tryCatch" "try" "eval" "eval" "withVisible" "evalVis" "capture.output" "eval" "doTryCatch" "tryCatchOne" "tryCatchList" "tryCatch" ".rs.withTimeLimit" ".rs.valueFromStr" "doTryCatch" "tryCatchOne" "tryCatchList" "tryCatch" ".rs.valueDescription" "<Anonymous>" 
"match" "%w/o%" "strSub" "str.default" "str" "<Anonymous>" "do.call" "strSub" "str.default" "str" "doTryCatch" "tryCatchOne" "tryCatchList" "tryCatch" "try" "eval" "eval" "withVisible" "evalVis" "capture.output" "eval" "doTryCatch" "tryCatchOne" "tryCatchList" "tryCatch" ".rs.withTimeLimit" ".rs.valueFromStr" "doTryCatch" "tryCatchOne" "tryCatchList" "tryCatch" ".rs.valueContents" "<Anonymous>" 
"FUN" "lapply" "do.call" "strSub" "str.default" "str" "doTryCatch" "tryCatchOne" "tryCatchList" "tryCatch" "try" "eval" "eval" "withVisible" "evalVis" "capture.output" "eval" "doTryCatch" "tryCatchOne" "tryCatchList" "tryCatch" ".rs.withTimeLimit" ".rs.valueFromStr" "doTryCatch" "tryCatchOne" "tryCatchList" "tryCatch" ".rs.valueContents" "<Anonymous>" 
".Call" "doTryCatch" "tryCatchOne" "tryCatchList" "tryCatch" "<Anonymous>" "FUN" "lapply" "do.call" "strSub" "str.default" "str" "<Anonymous>" "do.call" "strSub" "str.default" "str" "doTryCatch" "tryCatchOne" "tryCatchList" "tryCatch" "try" "eval" "eval" "withVisible" "evalVis" "capture.output" "eval" "doTryCatch" "tryCatchOne" "tryCatchList" "tryCatch" ".rs.withTimeLimit" ".rs.valueFromStr" "doTryCatch" "tryCatchOne" "tryCatchList" "tryCatch" ".rs.valueContents" "<Anonymous>" 
".Call" "doTryCatch" "tryCatchOne" "tryCatchList" "tryCatch" "<Anonymous>" "FUN" "lapply" "do.call" "strSub" "str.default" "str" "<Anonymous>" "do.call" "strSub" "str.default" "str" "doTryCatch" "tryCatchOne" "tryCatchList" "tryCatch" "try" "eval" "eval" "withVisible" "evalVis" "capture.output" "eval" "doTryCatch" "tryCatchOne" "tryCatchList" "tryCatch" ".rs.withTimeLimit" ".rs.valueFromStr" "doTryCatch" "tryCatchOne" "tryCatchList" "tryCatch" ".rs.valueContents" "<Anonymous>" 
".Call" "doTryCatch" "tryCatchOne" "tryCatchList" "tryCatch" "<Anonymous>" "FUN" "lapply" "do.call" "strSub" "str.default" "str" "<Anonymous>" "do.call" "strSub" "str.default" "str" "doTryCatch" "tryCatchOne" "tryCatchList" "tryCatch" "try" "eval" "eval" "withVisible" "evalVis" "capture.output" "eval" "doTryCatch" "tryCatchOne" "tryCatchList" "tryCatch" ".rs.withTimeLimit" ".rs.valueFromStr" "doTryCatch" "tryCatchOne" "tryCatchList" "tryCatch" ".rs.valueContents" "<Anonymous>" 
"FUN" "lapply" "do.call" "strSub" "str.default" "str" "<Anonymous>" "do.call" "strSub" "str.default" "str" "doTryCatch" "tryCatchOne" "tryCatchList" "tryCatch" "try" "eval" "eval" "withVisible" "evalVis" "capture.output" "eval" "doTryCatch" "tryCatchOne" "tryCatchList" "tryCatch" ".rs.withTimeLimit" ".rs.valueFromStr" "doTryCatch" "tryCatchOne" "tryCatchList" "tryCatch" ".rs.valueContents" "<Anonymous>" 
".Call" "doTryCatch" "tryCatchOne" "tryCatchList" "tryCatch" "<Anonymous>" "FUN" "lapply" "do.call" "strSub" "str.default" "str" "<Anonymous>" "do.call" "strSub" "str.default" "str" "doTryCatch" "tryCatchOne" "tryCatchList" "tryCatch" "try" "eval" "eval" "withVisible" "evalVis" "capture.output" "eval" "doTryCatch" "tryCatchOne" "tryCatchList" "tryCatch" ".rs.withTimeLimit" ".rs.valueFromStr" "doTryCatch" "tryCatchOne" "tryCatchList" "tryCatch" ".rs.valueContents" "<Anonymous>" 
"eval" "FUN" "lapply" "strSub" "str.default" "str" "<Anonymous>" "do.call" "strSub" "str.default" "str" "<Anonymous>" "do.call" "strSub" "str.default" "str" "doTryCatch" "tryCatchOne" "tryCatchList" "tryCatch" "try" "eval" "eval" "withVisible" "evalVis" "capture.output" "eval" "doTryCatch" "tryCatchOne" "tryCatchList" "tryCatch" ".rs.withTimeLimit" ".rs.valueFromStr" "doTryCatch" "tryCatchOne" "tryCatchList" "tryCatch" ".rs.valueContents" "<Anonymous>" 
"match" "%in%" "deparse" "short.deparse" "plot.ppp" "plot" "<Anonymous>" "do.call" "getPlotBoxes" "<Anonymous>" "do.call" "plot.splitppp" "plot" 
".External2" "plot.new" "<Anonymous>" "do.call" "do.call.matched" "do.call.plotfun" "plot.owin" "plot" "<Anonymous>" "do.call" "plot.splitppp" "plot" 
".External2" "plot.new" "<Anonymous>" "do.call" "do.call.matched" "do.call.plotfun" "plot.owin" "plot" "<Anonymous>" "do.call" "plot.splitppp" "plot" 
"shiftxy" "shift.ppp" "shift" "<Anonymous>" "do.call" "plot.splitppp" "plot" 
"plot.xy" "<Anonymous>" "do.call" "do.call.matched" "<Anonymous>" "do.call" "invoke.symbolmap" "plot.ppp" "plot" "do.call" "extraplot" "%orifnull%" "<Anonymous>" "do.call" "plot.splitppp" "plot" 
"FUN" "lapply" "unlist" "par" "<Anonymous>" "do.call" "do.call.matched" "do.call.plotfun" "<Anonymous>" "do.call" "plot.ppp" "plot" "do.call" "extraplot" "%orifnull%" "<Anonymous>" "do.call" "plot.splitppp" "plot" 
"plot.xy" "<Anonymous>" "do.call" "do.call.matched" "<Anonymous>" "do.call" "invoke.symbolmap" "plot.ppp" "plot" "do.call" "extraplot" "%orifnull%" "<Anonymous>" "do.call" "plot.splitppp" "plot" 
".Call" "doTryCatch" "tryCatchOne" "tryCatchList" "tryCatch" "<Anonymous>" 
".Call" "doTryCatch" "tryCatchOne" "tryCatchList" "tryCatch" "<Anonymous>" 
".Call" "doTryCatch" "tryCatchOne" "tryCatchList" "tryCatch" "<Anonymous>" 
".Call" "doTryCatch" "tryCatchOne" "tryCatchList" "tryCatch" "<Anonymous>" 
".Call" "doTryCatch" "tryCatchOne" "tryCatchList" "tryCatch" "<Anonymous>" 
".External" "grDevices:::png" "doTryCatch" "tryCatchOne" "tryCatchList" "tryCatch" "base::try" 
".Call" "doTryCatch" "tryCatchOne" "tryCatchList" "tryCatch" "<Anonymous>" 
".Call" "doTryCatch" "tryCatchOne" "tryCatchList" "tryCatch" "<Anonymous>" 
".Call" "doTryCatch" "tryCatchOne" "tryCatchList" "tryCatch" "<Anonymous>" 
".Call" "doTryCatch" "tryCatchOne" "tryCatchList" "tryCatch" "<Anonymous>" 
".Call" "doTryCatch" "tryCatchOne" "tryCatchList" "tryCatch" "<Anonymous>" 
".Call" "doTryCatch" "tryCatchOne" "tryCatchList" "tryCatch" "<Anonymous>" 
".Call" "doTryCatch" "tryCatchOne" "tryCatchList" "tryCatch" "<Anonymous>" 
".Call" "doTryCatch" "tryCatchOne" "tryCatchList" "tryCatch" "<Anonymous>" 
".Call" "doTryCatch" "tryCatchOne" "tryCatchList" "tryCatch" "<Anonymous>" 
".Call" "doTryCatch" "tryCatchOne" "tryCatchList" "tryCatch" "<Anonymous>" 
".Call" "doTryCatch" "tryCatchOne" "tryCatchList" "tryCatch" "<Anonymous>" 
".Call" "doTryCatch" "tryCatchOne" "tryCatchList" "tryCatch" "<Anonymous>" 
".Call" "doTryCatch" "tryCatchOne" "tryCatchList" "tryCatch" "<Anonymous>" 
".Call" "doTryCatch" "tryCatchOne" "tryCatchList" "tryCatch" "<Anonymous>" 
".Call" "doTryCatch" "tryCatchOne" "tryCatchList" "tryCatch" "<Anonymous>" 
".Call" "doTryCatch" "tryCatchOne" "tryCatchList" "tryCatch" "<Anonymous>" 
".Call" "doTryCatch" "tryCatchOne" "tryCatchList" "tryCatch" "<Anonymous>" 
".External2" "grDevices::replayPlot" "withCallingHandlers" "suppressWarnings" "<Anonymous>" 
".External2" "grDevices::replayPlot" "withCallingHandlers" "suppressWarnings" "<Anonymous>" 
".External2" "grDevices::replayPlot" "withCallingHandlers" "suppressWarnings" "<Anonymous>" 
".External2" "grDevices::replayPlot" "withCallingHandlers" "suppressWarnings" "<Anonymous>" 
".Call" "doTryCatch" "tryCatchOne" "tryCatchList" "tryCatch" "<Anonymous>" 
".Call" "doTryCatch" "tryCatchOne" "tryCatchList" "tryCatch" "<Anonymous>" 
".Call" "doTryCatch" "tryCatchOne" "tryCatchList" "tryCatch" "<Anonymous>" 
".Call" "doTryCatch" "tryCatchOne" "tryCatchList" "tryCatch" "<Anonymous>" 
".Call" "doTryCatch" "tryCatchOne" "tryCatchList" "tryCatch" "<Anonymous>" 
".Call" "doTryCatch" "tryCatchOne" "tryCatchList" "tryCatch" "<Anonymous>" 
"gc" "unload_dll" "load_all" "eval" "eval" "withVisible" "source" 
"gc" "unload_dll" "load_all" "eval" "eval" "withVisible" "source" 
"gc" "unload_dll" "load_all" "eval" "eval" "withVisible" "source" 
"gc" "unload_dll" "load_all" "eval" "eval" "withVisible" "source" 
"gc" "unload_dll" "load_all" "eval" "eval" "withVisible" "source" 
"gc" "unload_dll" "unload" "load_all" "eval" "eval" "withVisible" "source" 
"gc" "unload_dll" "unload" "load_all" "eval" "eval" "withVisible" "source" 
"gc" "unload_dll" "unload" "load_all" "eval" "eval" "withVisible" "source" 
"gc" "unload_dll" "unload" "load_all" "eval" "eval" "withVisible" "source" 
"gc" "unload_dll" "unload" "load_all" "eval" "eval" "withVisible" "source" 
"file.exists" "stopifnot" "source_one" "source_many" "force" "withr_with_dir" "load_code" "load_all" "eval" "eval" "withVisible" "source" 
"ls" "setup_ns_exports" "load_all" "eval" "eval" "withVisible" "source" 
".C" "densitypointsEngine" "density.ppp" "FUN" "lapply" "eval" "eval" "withVisible" "source" 
"gc" "system.time" "eval" "eval" "withVisible" "source" 
"gc" "system.time" "eval" "eval" "withVisible" "source" 
"gc" "system.time" "eval" "eval" "withVisible" "source" 
"gc" "system.time" "eval" "eval" "withVisible" "source" 
"gc" "system.time" "eval" "eval" "withVisible" "source" 
"deparse" "<Anonymous>" "do.call" "do.call.matched" "sewpcf" "pcfmulti.inhom" "pcfcross.inhom" "system.time" "eval" "eval" "withVisible" "source" 
"deparse" "<Anonymous>" "do.call" "do.call.matched" "sewpcf" "pcfmulti.inhom" "pcfcross.inhom" "system.time" "eval" "eval" "withVisible" "source" 
"match.call" "structure" "<Anonymous>" "do.call" "do.call.matched" "sewpcf" "pcfinhom" "eval" "eval" "withVisible" "source" 
"gc" "system.time" "eval" "eval" "withVisible" "source" 
"gc" "system.time" "eval" "eval" "withVisible" "source" 
"gc" "system.time" "eval" "eval" "withVisible" "source" 
"gc" "system.time" "eval" "eval" "withVisible" "source" 
".Call" "c_ipcf_cross_2d_box" "ipcf_cross_all_box" "system.time" "eval" "eval" "withVisible" "source" 
".Call" "c_ipcf_cross_2d_box" "ipcf_cross_all_box" "system.time" "eval" "eval" "withVisible" "source" 
".Call" "c_ipcf_cross_2d_box" "ipcf_cross_all_box" "system.time" "eval" "eval" "withVisible" "source" 
".Call" "c_ipcf_cross_2d_box" "ipcf_cross_all_box" "system.time" "eval" "eval" "withVisible" "source" 
".Call" "c_ipcf_cross_2d_box" "ipcf_cross_all_box" "system.time" "eval" "eval" "withVisible" "source" 
".Call" "c_ipcf_cross_2d_box" "ipcf_cross_all_box" "system.time" "eval" "eval" "withVisible" "source" 
".Call" "c_ipcf_cross_2d_box" "ipcf_cross_all_box" "system.time" "eval" "eval" "withVisible" "source" 
".Call" "c_ipcf_cross_2d_box" "ipcf_cross_all_box" "system.time" "eval" "eval" "withVisible" "source" 
".Call" "c_ipcf_cross_2d_box" "ipcf_cross_all_box" "system.time" "eval" "eval" "withVisible" "source" 
".Call" "c_ipcf_cross_2d_box" "ipcf_cross_all_box" "system.time" "eval" "eval" "withVisible" "source" 
".Call" "c_ipcf_cross_2d_box" "ipcf_cross_all_box" "system.time" "eval" "eval" "withVisible" "source" 
".Call" "c_ipcf_cross_2d_box" "ipcf_cross_all_box" "system.time" "eval" "eval" "withVisible" "source" 
".Call" "c_ipcf_cross_2d_box" "ipcf_cross_all_box" "system.time" "eval" "eval" "withVisible" "source" 
".Call" "c_ipcf_cross_2d_box" "ipcf_cross_all_box" "system.time" "eval" "eval" "withVisible" "source" 
".Call" "c_ipcf_cross_2d_box" "ipcf_cross_all_box" "system.time" "eval" "eval" "withVisible" "source" 
".Call" "c_ipcf_cross_2d_box" "ipcf_cross_all_box" "system.time" "eval" "eval" "withVisible" "source" 
".Call" "c_ipcf_cross_2d_box" "ipcf_cross_all_box" "system.time" "eval" "eval" "withVisible" "source" 
".Call" "c_ipcf_cross_2d_box" "ipcf_cross_all_box" "system.time" "eval" "eval" "withVisible" "source" 
".Call" "c_ipcf_cross_2d_box" "ipcf_cross_all_box" "system.time" "eval" "eval" "withVisible" "source" 
".Call" "c_ipcf_cross_2d_box" "ipcf_cross_all_box" "system.time" "eval" "eval" "withVisible" "source" 
".Call" "c_ipcf_cross_2d_box" "ipcf_cross_all_box" "system.time" "eval" "eval" "withVisible" "source" 
".Call" "c_ipcf_cross_2d_box" "ipcf_cross_all_box" "system.time" "eval" "eval" "withVisible" "source" 
".Call" "c_ipcf_cross_2d_box" "ipcf_cross_all_box" "system.time" "eval" "eval" "withVisible" "source" 
".Call" "c_ipcf_cross_2d_box" "ipcf_cross_all_box" "system.time" "eval" "eval" "withVisible" "source" 
".Call" "c_ipcf_cross_2d_box" "ipcf_cross_all_box" "system.time" "eval" "eval" "withVisible" "source" 
".Call" "c_ipcf_cross_2d_box" "ipcf_cross_all_box" "system.time" "eval" "eval" "withVisible" "source" 
".Call" "c_ipcf_cross_2d_box" "ipcf_cross_all_box" "system.time" "eval" "eval" "withVisible" "source" 
".Call" "c_ipcf_cross_2d_box" "ipcf_cross_all_box" "system.time" "eval" "eval" "withVisible" "source" 
".External2" "plot.new" "plot.default" "plot" "eval" "eval" "withVisible" "source" 
".External2" "plot.new" "plot.default" "plot" "eval" "eval" "withVisible" "source" 
".External2" "plot.new" "plot.default" "plot" "eval" "eval" "withVisible" "source" 
".External2" "plot.new" "plot.default" "plot" "eval" "eval" "withVisible" "source" 
"lapply" "do.call" "strSub" "str.default" "str" "<Anonymous>" "do.call" "strSub" "str.default" "str" "doTryCatch" "tryCatchOne" "tryCatchList" "tryCatch" "try" "eval" "eval" "withVisible" "evalVis" "capture.output" "eval" "doTryCatch" "tryCatchOne" "tryCatchList" "tryCatch" ".rs.withTimeLimit" ".rs.valueFromStr" "doTryCatch" "tryCatchOne" "tryCatchList" "tryCatch" ".rs.valueContents" "<Anonymous>" 
"eval" "FUN" "lapply" "strSub" "str.default" "str" "<Anonymous>" "do.call" "strSub" "str.default" "str" "doTryCatch" "tryCatchOne" "tryCatchList" "tryCatch" "try" "eval" "eval" "withVisible" "evalVis" "capture.output" "eval" "doTryCatch" "tryCatchOne" "tryCatchList" "tryCatch" ".rs.withTimeLimit" ".rs.valueFromStr" "doTryCatch" "tryCatchOne" "tryCatchList" "tryCatch" ".rs.valueContents" "<Anonymous>" 
"as.environment" "exists" "FUN" "lapply" "sapply" "str.default" "str" "<Anonymous>" "do.call" "strSub" "str.default" "str" "<Anonymous>" "do.call" "strSub" "str.default" "str" "<Anonymous>" "do.call" "strSub" "str.default" "str" "doTryCatch" "tryCatchOne" "tryCatchList" "tryCatch" "try" "eval" "eval" "withVisible" "evalVis" "capture.output" "eval" "doTryCatch" "tryCatchOne" "tryCatchList" "tryCatch" ".rs.withTimeLimit" ".rs.valueFromStr" "doTryCatch" "tryCatchOne" "tryCatchList" "tryCatch" ".rs.valueContents" "<Anonymous>" 
"str.default" "str" "<Anonymous>" "do.call" "strSub" "str.default" "str" "doTryCatch" "tryCatchOne" "tryCatchList" "tryCatch" "try" "eval" "eval" "withVisible" "evalVis" "capture.output" "eval" "doTryCatch" "tryCatchOne" "tryCatchList" "tryCatch" ".rs.withTimeLimit" ".rs.valueFromStr" "doTryCatch" "tryCatchOne" "tryCatchList" "tryCatch" ".rs.valueContents" "<Anonymous>" 
".Call" "doTryCatch" "tryCatchOne" "tryCatchList" "tryCatch" "<Anonymous>" 
".Call" "doTryCatch" "tryCatchOne" "tryCatchList" "tryCatch" "<Anonymous>" 
".Call" "doTryCatch" "tryCatchOne" "tryCatchList" "tryCatch" "<Anonymous>" 
".Call" "doTryCatch" "tryCatchOne" "tryCatchList" "tryCatch" "<Anonymous>" 
".Call" "doTryCatch" "tryCatchOne" "tryCatchList" "tryCatch" "<Anonymous>" 
"read.dcf" "as.list" "load_pkg_description" "as.package" "load_all" "eval" "eval" "withVisible" "source" 
"gc" "unload_dll" "load_all" "eval" "eval" "withVisible" "source" 
"gc" "unload_dll" "load_all" "eval" "eval" "withVisible" "source" 
"gc" "unload_dll" "load_all" "eval" "eval" "withVisible" "source" 
"gc" "unload_dll" "load_all" "eval" "eval" "withVisible" "source" 
".Call" ".rs.enqueClientEvent" "fun" "doTryCatch" "tryCatchOne" "tryCatchList" "tryCatch" "try" "detach" "unloadNamespace" "doTryCatch" "tryCatchOne" "tryCatchList" "tryCatch" "try" "unload" "load_all" "eval" "eval" "withVisible" "source" 
"gc" "unload_dll" "unload" "load_all" "eval" "eval" "withVisible" "source" 
"gc" "unload_dll" "unload" "load_all" "eval" "eval" "withVisible" "source" 
"gc" "unload_dll" "unload" "load_all" "eval" "eval" "withVisible" "source" 
"gc" "unload_dll" "unload" "load_all" "eval" "eval" "withVisible" "source" 
"readLines" "source_one" "source_many" "force" "withr_with_dir" "load_code" "load_all" "eval" "eval" "withVisible" "source" 
"dyn.load" "library.dynam2" "load_dll" "load_all" "eval" "eval" "withVisible" "source" 
"Ops.factor" "==" "[.ppp" "[" "split.ppp" "split" "eval" "eval" "withVisible" "source" 
"gc" "system.time" "eval" "eval" "withVisible" "source" 
"gc" "system.time" "eval" "eval" "withVisible" "source" 
"gc" "system.time" "eval" "eval" "withVisible" "source" 
"gc" "system.time" "eval" "eval" "withVisible" "source" 
"match.call" "stopifnot" "ppp" "[.ppp" "[" "pcfmulti.inhom" "pcfcross.inhom" "system.time" "eval" "eval" "withVisible" "source" 
"deparse" "<Anonymous>" "do.call" "do.call.matched" "sewpcf" "pcfmulti.inhom" "pcfcross.inhom" "system.time" "eval" "eval" "withVisible" "source" 
"deparse" "<Anonymous>" "do.call" "do.call.matched" "sewpcf" "pcfmulti.inhom" "pcfcross.inhom" "system.time" "eval" "eval" "withVisible" "source" 
"order" "regularize.values" "approx" "structure" "<Anonymous>" "do.call" "do.call.matched" "sewpcf" "pcfmulti.inhom" "pcfcross.inhom" "system.time" "eval" "eval" "withVisible" "source" 
"as.double" "edge.Ripley" "pcfinhom" "eval" "eval" "withVisible" "source" 
"gc" "system.time" "eval" "eval" "withVisible" "source" 
"gc" "system.time" "eval" "eval" "withVisible" "source" 
"gc" "system.time" "eval" "eval" "withVisible" "source" 
"gc" "system.time" "eval" "eval" "withVisible" "source" 
".Call" "c_ipcf_cross_2d_box" "ipcf_cross_all_box" "system.time" "eval" "eval" "withVisible" "source" 
".Call" "c_ipcf_cross_2d_box" "ipcf_cross_all_box" "system.time" "eval" "eval" "withVisible" "source" 
".Call" "c_ipcf_cross_2d_box" "ipcf_cross_all_box" "system.time" "eval" "eval" "withVisible" "source" 
".Call" "c_ipcf_cross_2d_box" "ipcf_cross_all_box" "system.time" "eval" "eval" "withVisible" "source" 
".Call" "c_ipcf_cross_2d_box" "ipcf_cross_all_box" "system.time" "eval" "eval" "withVisible" "source" 
".Call" "c_ipcf_cross_2d_box" "ipcf_cross_all_box" "system.time" "eval" "eval" "withVisible" "source" 
".Call" "c_ipcf_cross_2d_box" "ipcf_cross_all_box" "system.time" "eval" "eval" "withVisible" "source" 
".Call" "c_ipcf_cross_2d_box" "ipcf_cross_all_box" "system.time" "eval" "eval" "withVisible" "source" 
".Call" "c_ipcf_cross_2d_box" "ipcf_cross_all_box" "system.time" "eval" "eval" "withVisible" "source" 
".Call" "c_ipcf_cross_2d_box" "ipcf_cross_all_box" "system.time" "eval" "eval" "withVisible" "source" 
".Call" "c_ipcf_cross_2d_box" "ipcf_cross_all_box" "system.time" "eval" "eval" "withVisible" "source" 
".Call" "c_ipcf_cross_2d_box" "ipcf_cross_all_box" "system.time" "eval" "eval" "withVisible" "source" 
".Call" "c_ipcf_cross_2d_box" "ipcf_cross_all_box" "system.time" "eval" "eval" "withVisible" "source" 
".Call" "c_ipcf_cross_2d_box" "ipcf_cross_all_box" "system.time" "eval" "eval" "withVisible" "source" 
".Call" "c_ipcf_cross_2d_box" "ipcf_cross_all_box" "system.time" "eval" "eval" "withVisible" "source" 
".Call" "c_ipcf_cross_2d_box" "ipcf_cross_all_box" "system.time" "eval" "eval" "withVisible" "source" 
".Call" "c_ipcf_cross_2d_box" "ipcf_cross_all_box" "system.time" "eval" "eval" "withVisible" "source" 
".Call" "c_ipcf_cross_2d_box" "ipcf_cross_all_box" "system.time" "eval" "eval" "withVisible" "source" 
".Call" "c_ipcf_cross_2d_box" "ipcf_cross_all_box" "system.time" "eval" "eval" "withVisible" "source" 
".Call" "c_ipcf_cross_2d_box" "ipcf_cross_all_box" "system.time" "eval" "eval" "withVisible" "source" 
".Call" "c_ipcf_cross_2d_box" "ipcf_cross_all_box" "system.time" "eval" "eval" "withVisible" "source" 
".Call" "c_ipcf_cross_2d_box" "ipcf_cross_all_box" "system.time" "eval" "eval" "withVisible" "source" 
".Call" "c_ipcf_cross_2d_box" "ipcf_cross_all_box" "system.time" "eval" "eval" "withVisible" "source" 
".Call" "c_ipcf_cross_2d_box" "ipcf_cross_all_box" "system.time" "eval" "eval" "withVisible" "source" 
".Call" "c_ipcf_cross_2d_box" "ipcf_cross_all_box" "system.time" "eval" "eval" "withVisible" "source" 
".External2" "plot.new" "plot.default" "plot" "eval" "eval" "withVisible" "source" 
".External2" "plot.new" "plot.default" "plot" "eval" "eval" "withVisible" "source" 
".External2" "plot.new" "plot.default" "plot" "eval" "eval" "withVisible" "source" 
"axis" "Axis.default" "Axis" "localAxis" "plot.default" "plot" "eval" "eval" "withVisible" "source" 
"close" "capture.output" "eval" "doTryCatch" "tryCatchOne" "tryCatchList" "tryCatch" ".rs.withTimeLimit" ".rs.valueFromStr" "doTryCatch" "tryCatchOne" "tryCatchList" "tryCatch" ".rs.valueContents" "<Anonymous>" 
"cat" "str.default" "str" "<Anonymous>" "do.call" "strSub" "str.default" "str" "<Anonymous>" "do.call" "strSub" "str.default" "str" "doTryCatch" "tryCatchOne" "tryCatchList" "tryCatch" "try" "eval" "eval" "withVisible" "evalVis" "capture.output" "eval" "doTryCatch" "tryCatchOne" "tryCatchList" "tryCatch" ".rs.withTimeLimit" ".rs.valueFromStr" "doTryCatch" "tryCatchOne" "tryCatchList" "tryCatch" ".rs.valueContents" "<Anonymous>" 
"paste" "formObj" "cat" "str.default" "str" "<Anonymous>" "do.call" "strSub" "str.default" "str" "<Anonymous>" "do.call" "strSub" "str.default" "str" "<Anonymous>" "do.call" "strSub" "str.default" "str" "<Anonymous>" "do.call" "strSub" "str.default" "str" "doTryCatch" "tryCatchOne" "tryCatchList" "tryCatch" "try" "eval" "eval" "withVisible" "evalVis" "capture.output" "eval" "doTryCatch" "tryCatchOne" "tryCatchList" "tryCatch" ".rs.withTimeLimit" ".rs.valueFromStr" "doTryCatch" "tryCatchOne" "tryCatchList" "tryCatch" ".rs.valueContents" "<Anonymous>" 
"do.call" "strSub" "str.default" "str" "<Anonymous>" "do.call" "strSub" "str.default" "str" "<Anonymous>" "do.call" "strSub" "str.default" "str" "doTryCatch" "tryCatchOne" "tryCatchList" "tryCatch" "try" "eval" "eval" "withVisible" "evalVis" "capture.output" "eval" "doTryCatch" "tryCatchOne" "tryCatchList" "tryCatch" ".rs.withTimeLimit" ".rs.valueFromStr" "doTryCatch" "tryCatchOne" "tryCatchList" "tryCatch" ".rs.valueContents" "<Anonymous>" 
".Call" "doTryCatch" "tryCatchOne" "tryCatchList" "tryCatch" "<Anonymous>" 
".Call" "doTryCatch" "tryCatchOne" "tryCatchList" "tryCatch" "<Anonymous>" 
".Call" "doTryCatch" "tryCatchOne" "tryCatchList" "tryCatch" "<Anonymous>" 
".Call" "doTryCatch" "tryCatchOne" "tryCatchList" "tryCatch" "<Anonymous>" 
".External" "grDevices:::png" "doTryCatch" "tryCatchOne" "tryCatchList" "tryCatch" "base::try" 
"gc" "unload_dll" "load_all" "eval" "eval" "withVisible" "source" 
"gc" "unload_dll" "load_all" "eval" "eval" "withVisible" "source" 
"gc" "unload_dll" "load_all" "eval" "eval" "withVisible" "source" 
"gc" "unload_dll" "load_all" "eval" "eval" "withVisible" "source" 
"gc" "unload_dll" "load_all" "eval" "eval" "withVisible" "source" 
"gc" "unload_dll" "load_all" "eval" "eval" "withVisible" "source" 
"gc" "unload_dll" "unload" "load_all" "eval" "eval" "withVisible" "source" 
"gc" "unload_dll" "unload" "load_all" "eval" "eval" "withVisible" "source" 
"gc" "unload_dll" "unload" "load_all" "eval" "eval" "withVisible" "source" 
"gc" "unload_dll" "unload" "load_all" "eval" "eval" "withVisible" "source" 
"[[" "vapply" "loaded_dlls" "unload_dll" "unload" "load_all" "eval" "eval" "withVisible" "source" 
".Call" "Rcpp::compileAttributes" "compile_rcpp_attributes" "force" "withr_with_envvar" "compile_dll" "load_all" "eval" "eval" "withVisible" "source" 
"set_envvar" "withr::with_envvar" "force" "withr::with_dir" "withCallingHandlers" "suppressWarnings" "fun" "R" "RCMD" "install_min" "force" "withr_with_envvar" "compile_dll" "load_all" "eval" "eval" "withVisible" "source" 
"importIntoEnv" "namespaceImportFrom" "namespaceImport" "doTryCatch" "tryCatchOne" "tryCatchList" "tryCatch" "process_imports" "load_imports" "load_all" "eval" "eval" "withVisible" "source" 
"readLines" "source_one" "source_many" "force" "withr_with_dir" "load_code" "load_all" "eval" "eval" "withVisible" "source" 
".Call" ".rs.enqueClientEvent" "fun" "doTryCatch" "tryCatchOne" "tryCatchList" "tryCatch" "try" "run_user_hook" "load_all" "eval" "eval" "withVisible" "source" 
"diff.default" "diff" "standardGeneric" "diff" "eval" "eval" "with.default" "with" "sidelengths.owin" "sidelengths" "shortside.owin" "shortside" "resolve.2D.kernel" "density.ppp" "FUN" "lapply" "eval" "eval" "withVisible" "source" 
"gc" "system.time" "eval" "eval" "withVisible" "source" 
"gc" "system.time" "eval" "eval" "withVisible" "source" 
"gc" "system.time" "eval" "eval" "withVisible" "source" 
"gc" "system.time" "eval" "eval" "withVisible" "source" 
"gc" "system.time" "eval" "eval" "withVisible" "source" 
"deparse" "<Anonymous>" "do.call" "do.call.matched" "sewpcf" "pcfmulti.inhom" "pcfcross.inhom" "system.time" "eval" "eval" "withVisible" "source" 
"[.ppp" "[" "as.ppp" "edge.Ripley" "pcfmulti.inhom" "pcfcross.inhom" "system.time" "eval" "eval" "withVisible" "source" 
"deparse" "<Anonymous>" "do.call" "do.call.matched" "sewpcf" "pcfmulti.inhom" "pcfcross.inhom" "system.time" "eval" "eval" "withVisible" "source" 
"matrix" "edge.Ripley" "pcfinhom" "eval" "eval" "withVisible" "source" 
"gc" "system.time" "eval" "eval" "withVisible" "source" 
"gc" "system.time" "eval" "eval" "withVisible" "source" 
"gc" "system.time" "eval" "eval" "withVisible" "source" 
"gc" "system.time" "eval" "eval" "withVisible" "source" 
"with" "as.matrix" "ipcf_cross_all_box" "system.time" "eval" "eval" "withVisible" "source" 
".Call" "c_ipcf_cross_2d_box" "ipcf_cross_all_box" "system.time" "eval" "eval" "withVisible" "source" 
".Call" "c_ipcf_cross_2d_box" "ipcf_cross_all_box" "system.time" "eval" "eval" "withVisible" "source" 
".Call" "c_ipcf_cross_2d_box" "ipcf_cross_all_box" "system.time" "eval" "eval" "withVisible" "source" 
".Call" "c_ipcf_cross_2d_box" "ipcf_cross_all_box" "system.time" "eval" "eval" "withVisible" "source" 
".Call" "c_ipcf_cross_2d_box" "ipcf_cross_all_box" "system.time" "eval" "eval" "withVisible" "source" 
".Call" "c_ipcf_cross_2d_box" "ipcf_cross_all_box" "system.time" "eval" "eval" "withVisible" "source" 
".Call" "c_ipcf_cross_2d_box" "ipcf_cross_all_box" "system.time" "eval" "eval" "withVisible" "source" 
".Call" "c_ipcf_cross_2d_box" "ipcf_cross_all_box" "system.time" "eval" "eval" "withVisible" "source" 
".Call" "c_ipcf_cross_2d_box" "ipcf_cross_all_box" "system.time" "eval" "eval" "withVisible" "source" 
".Call" "c_ipcf_cross_2d_box" "ipcf_cross_all_box" "system.time" "eval" "eval" "withVisible" "source" 
".Call" "c_ipcf_cross_2d_box" "ipcf_cross_all_box" "system.time" "eval" "eval" "withVisible" "source" 
".Call" "c_ipcf_cross_2d_box" "ipcf_cross_all_box" "system.time" "eval" "eval" "withVisible" "source" 
".Call" "c_ipcf_cross_2d_box" "ipcf_cross_all_box" "system.time" "eval" "eval" "withVisible" "source" 
".Call" "c_ipcf_cross_2d_box" "ipcf_cross_all_box" "system.time" "eval" "eval" "withVisible" "source" 
".Call" "c_ipcf_cross_2d_box" "ipcf_cross_all_box" "system.time" "eval" "eval" "withVisible" "source" 
".Call" "c_ipcf_cross_2d_box" "ipcf_cross_all_box" "system.time" "eval" "eval" "withVisible" "source" 
".Call" "c_ipcf_cross_2d_box" "ipcf_cross_all_box" "system.time" "eval" "eval" "withVisible" "source" 
".Call" "c_ipcf_cross_2d_box" "ipcf_cross_all_box" "system.time" "eval" "eval" "withVisible" "source" 
".Call" "c_ipcf_cross_2d_box" "ipcf_cross_all_box" "system.time" "eval" "eval" "withVisible" "source" 
".Call" "c_ipcf_cross_2d_box" "ipcf_cross_all_box" "system.time" "eval" "eval" "withVisible" "source" 
".Call" "c_ipcf_cross_2d_box" "ipcf_cross_all_box" "system.time" "eval" "eval" "withVisible" "source" 
".External2" "plot.new" "plot.default" "plot" "eval" "eval" "withVisible" "source" 
".External2" "plot.new" "plot.default" "plot" "eval" "eval" "withVisible" "source" 
".External2" "plot.new" "plot.default" "plot" "eval" "eval" "withVisible" "source" 
".External2" "plot.new" "plot.default" "plot" "eval" "eval" "withVisible" "source" 
"axis" "Axis.default" "Axis" "localAxis" "plot.default" "plot" "eval" "eval" "withVisible" "source" 
"sys.parent" "sys.function" "formals" "match.arg" "format.default" "format" "str.default" "NextMethod" "str.data.frame" "str" "doTryCatch" "tryCatchOne" "tryCatchList" "tryCatch" "try" "eval" "eval" "withVisible" "evalVis" "capture.output" "eval" "doTryCatch" "tryCatchOne" "tryCatchList" "tryCatch" ".rs.withTimeLimit" ".rs.valueFromStr" "doTryCatch" "tryCatchOne" "tryCatchList" "tryCatch" ".rs.valueContents" "<Anonymous>" 
"sys.parent" "sys.function" "formals" "match.arg" "format.default" "format" "format.fun" "paste" "formObj" "cat" "str.default" "str" "<Anonymous>" "do.call" "strSub" "str.default" "str" "<Anonymous>" "do.call" "strSub" "str.default" "str" "<Anonymous>" "do.call" "strSub" "str.default" "str" "doTryCatch" "tryCatchOne" "tryCatchList" "tryCatch" "try" "eval" "eval" "withVisible" "evalVis" "capture.output" "eval" "doTryCatch" "tryCatchOne" "tryCatchList" "tryCatch" ".rs.withTimeLimit" ".rs.valueFromStr" "doTryCatch" "tryCatchOne" "tryCatchList" "tryCatch" ".rs.valueContents" "<Anonymous>" 
"FUN" "lapply" "strSub" "str.default" "str" "<Anonymous>" "do.call" "strSub" "str.default" "str" "<Anonymous>" "do.call" "strSub" "str.default" "str" "doTryCatch" "tryCatchOne" "tryCatchList" "tryCatch" "try" "eval" "eval" "withVisible" "evalVis" "capture.output" "eval" "doTryCatch" "tryCatchOne" "tryCatchList" "tryCatch" ".rs.withTimeLimit" ".rs.valueFromStr" "doTryCatch" "tryCatchOne" "tryCatchList" "tryCatch" ".rs.valueContents" "<Anonymous>" 
".Call" "doTryCatch" "tryCatchOne" "tryCatchList" "tryCatch" "<Anonymous>" 
".Call" "doTryCatch" "tryCatchOne" "tryCatchList" "tryCatch" "<Anonymous>" 
".Call" "doTryCatch" "tryCatchOne" "tryCatchList" "tryCatch" "<Anonymous>" 
".Call" "doTryCatch" "tryCatchOne" "tryCatchList" "tryCatch" "<Anonymous>" 
".Call" "doTryCatch" "tryCatchOne" "tryCatchList" "tryCatch" "<Anonymous>" 
".External" "grDevices:::png" "doTryCatch" "tryCatchOne" "tryCatchList" "tryCatch" "base::try" 
".Call" "doTryCatch" "tryCatchOne" "tryCatchList" "tryCatch" "<Anonymous>" 
".Call" "doTryCatch" "tryCatchOne" "tryCatchList" "tryCatch" "<Anonymous>" 
".Call" "doTryCatch" "tryCatchOne" "tryCatchList" "tryCatch" "<Anonymous>" 
".Call" "doTryCatch" "tryCatchOne" "tryCatchList" "tryCatch" "<Anonymous>" 
"sort.int" "sort.default" "sort" "as.factor" "split.default" "split" "Ops.numeric_version" ">=" "doTryCatch" "tryCatchOne" "tryCatchList" "tryCatch" "base::try" 
"lazyLoadDBfetch" "<Anonymous>" "lazyLoadDBfetch" "exists" "getInlineHandler" "tryInline" "cmpCall" "cmp" "genCode" "cmpfun" "doTryCatch" "tryCatchOne" "tryCatchList" "tryCatch" "compiler:::tryCmpfun" "save" "withCallingHandlers" "suppressWarnings" "<Anonymous>" 
"save" "withCallingHandlers" "suppressWarnings" "<Anonymous>" 
"save" "withCallingHandlers" "suppressWarnings" "<Anonymous>" 
"lazyLoadDBfetch" "cb$putcode" "cmpConstArg" "cmpCallArgs" "cmpCallSymFun" "cmpCall" "cmp" "h" "tryInline" "cmpCall" "cmp" "h" "tryInline" "cmpCall" "cmp" "genCode" "cmpfun" "doTryCatch" "tryCatchOne" "tryCatchList" "tryCatch" "compiler:::tryCmpfun" "save" "withCallingHandlers" "suppressWarnings" "<Anonymous>" 
"genCode" "cb$putconst" "cmpCallArgs" "cmpCallSymFun" "cmpCall" "cmp" "h" "tryInline" "cmpCall" "cmp" "genCode" "cmpfun" "doTryCatch" "tryCatchOne" "tryCatchList" "tryCatch" "compiler:::tryCmpfun" "save" "withCallingHandlers" "suppressWarnings" "<Anonymous>" 
"save" "withCallingHandlers" "suppressWarnings" "<Anonymous>" 
"structure" "make.toplevelContext" "cmpfun" "doTryCatch" "tryCatchOne" "tryCatchList" "tryCatch" "compiler:::tryCmpfun" "save" "withCallingHandlers" "suppressWarnings" "<Anonymous>" 
"%in%" "getInlineInfo" "tryInline" "cmpCall" "cmp" "h" "tryInline" "cmpCall" "cmp" "h" "tryInline" "cmpCall" "cmp" "h" "tryInline" "cmpCall" "cmp" "h" "tryInline" "cmpCall" "cmp" "genCode" "cmpfun" "doTryCatch" "tryCatchOne" "tryCatchList" "tryCatch" "compiler:::tryCmpfun" "save" "withCallingHandlers" "suppressWarnings" "<Anonymous>" 
"unique.default" "unique" "union" "addCenvVars" "addCenvFrame" "funEnv" "make.functionContext" "cmpfun" "doTryCatch" "tryCatchOne" "tryCatchList" "tryCatch" "compiler:::tryCmpfun" "save" "withCallingHandlers" "suppressWarnings" "<Anonymous>" 
"cb$putcode" "h" "tryInline" "cmpCall" "cmp" "genCode" "cb$putconst" "cmpCallArgs" "cmpCallSymFun" "cmpCall" "cmp" "h" "tryInline" "cmpCall" "cmp" "genCode" "h" "tryInline" "cmpCall" "cmp" "cmpSymbolAssign" "h" "tryInline" "cmpCall" "cmp" "h" "tryInline" "cmpCall" "cmp" "h" "tryInline" "cmpCall" "cmp" "h" "tryInline" "cmpCall" "cmp" "genCode" "cmpfun" "doTryCatch" "tryCatchOne" "tryCatchList" "tryCatch" "compiler:::tryCmpfun" "save" "withCallingHandlers" "suppressWarnings" "<Anonymous>" 
